<?xml version="1.0" encoding="UTF-8"?>
<!-- Generated by org.testng.reporters.JUnitReportReporter -->
<testsuite skipped="0" hostname="rchennub-lap1" name="com.lnkd.qa.testcases.PeopleSearchDDT" tests="4" failures="0" timestamp="05 May 2018 01:55:24 GMT" time="13.950" errors="0">
  <testcase name="peopleSearchTest" time="3.433" classname="com.lnkd.qa.testcases.PeopleSearchDDT"/>
  <testcase name="peopleSearchTest" time="3.459" classname="com.lnkd.qa.testcases.PeopleSearchDDT"/>
  <testcase name="peopleSearchTest" time="3.613" classname="com.lnkd.qa.testcases.PeopleSearchDDT"/>
  <testcase name="peopleSearchTest" time="3.445" classname="com.lnkd.qa.testcases.PeopleSearchDDT"/>
</testsuite> <!-- com.lnkd.qa.testcases.PeopleSearchDDT -->
