<?xml version="1.0" encoding="UTF-8"?>
<!-- Generated by org.testng.reporters.JUnitReportReporter -->
<testsuite skipped="0" hostname="rchennub-lap1" name="com.lnkd.qa.testcases.LinkedinHomeTest" tests="3" failures="0" timestamp="05 May 2018 01:55:24 GMT" time="7.948" errors="0">
  <testcase name="verifyLogo" time="0.056" classname="com.lnkd.qa.testcases.LinkedinHomeTest"/>
  <testcase name="verifyHomePageTitle" time="0.005" classname="com.lnkd.qa.testcases.LinkedinHomeTest"/>
  <testcase name="loginTest" time="7.887" classname="com.lnkd.qa.testcases.LinkedinHomeTest"/>
</testsuite> <!-- com.lnkd.qa.testcases.LinkedinHomeTest -->
